This is pdfTeX, Version 3.1415926-2.5-1.40.14 (MiKTeX 2.9) (preloaded format=pdflatex 2015.8.28)  10 OCT 2018 10:42
entering extended mode
**elsarticle-template-num.tex

(C:\Users\bscuser\Documents\Research\parsec-ompss\publications\big_little\jpdc-
special-Revision\elsarticle-template-num.tex
LaTeX2e <2011/06/27>
Babel <v3.8m> and hyphenation patterns for english, afrikaans, ancientgreek, ar
abic, armenian, assamese, basque, bengali, bokmal, bulgarian, catalan, coptic, 
croatian, czech, danish, dutch, esperanto, estonian, farsi, finnish, french, ga
lician, german, german-x-2013-05-26, greek, gujarati, hindi, hungarian, iceland
ic, indonesian, interlingua, irish, italian, kannada, kurmanji, latin, latvian,
 lithuanian, malayalam, marathi, mongolian, mongolianlmc, monogreek, ngerman, n
german-x-2013-05-26, nynorsk, oriya, panjabi, pinyin, polish, portuguese, roman
ian, russian, sanskrit, serbian, slovak, slovenian, spanish, swedish, swissgerm
an, tamil, telugu, turkish, turkmen, ukenglish, ukrainian, uppersorbian, usengl
ishmax, welsh, loaded.

(C:\Users\bscuser\Documents\Research\parsec-ompss\publications\big_little\jpdc-
special-Revision\elsarticle.cls
Document Class: elsarticle 2009/09/17, 1.2.0: Elsevier Ltd
\@bls=\dimen102
("C:\Program Files (x86)\MiKTeX 2.9\tex\latex\base\article.cls"
Document Class: article 2007/10/19 v1.4h Standard LaTeX document class
("C:\Program Files (x86)\MiKTeX 2.9\tex\latex\base\size12.clo"
File: size12.clo 2007/10/19 v1.4h Standard LaTeX file (size option)
)
\c@part=\count79
\c@section=\count80
\c@subsection=\count81
\c@subsubsection=\count82
\c@paragraph=\count83
\c@subparagraph=\count84
\c@figure=\count85
\c@table=\count86
\abovecaptionskip=\skip41
\belowcaptionskip=\skip42
\bibindent=\dimen103
)
("C:\Program Files (x86)\MiKTeX 2.9\tex\latex\graphics\graphicx.sty"
Package: graphicx 1999/02/16 v1.0f Enhanced LaTeX Graphics (DPC,SPQR)

("C:\Program Files (x86)\MiKTeX 2.9\tex\latex\graphics\keyval.sty"
Package: keyval 1999/03/16 v1.13 key=value parser (DPC)
\KV@toks@=\toks14
)
("C:\Program Files (x86)\MiKTeX 2.9\tex\latex\graphics\graphics.sty"
Package: graphics 2009/02/05 v1.0o Standard LaTeX Graphics (DPC,SPQR)

("C:\Program Files (x86)\MiKTeX 2.9\tex\latex\graphics\trig.sty"
Package: trig 1999/03/16 v1.09 sin cos tan (DPC)
)
("C:\Program Files (x86)\MiKTeX 2.9\tex\latex\00miktex\graphics.cfg"
File: graphics.cfg 2007/01/18 v1.5 graphics configuration of teTeX/TeXLive
)
Package graphics Info: Driver file: pdftex.def on input line 91.

("C:\Program Files (x86)\MiKTeX 2.9\tex\latex\pdftex-def\pdftex.def"
File: pdftex.def 2011/05/27 v0.06d Graphics/color for pdfTeX

("C:\Program Files (x86)\MiKTeX 2.9\tex\generic\oberdiek\infwarerr.sty"
Package: infwarerr 2010/04/08 v1.3 Providing info/warning/error messages (HO)
)
("C:\Program Files (x86)\MiKTeX 2.9\tex\generic\oberdiek\ltxcmds.sty"
Package: ltxcmds 2011/11/09 v1.22 LaTeX kernel commands for general use (HO)
)
\Gread@gobject=\count87
))
\Gin@req@height=\dimen104
\Gin@req@width=\dimen105
)
("C:\Program Files (x86)\MiKTeX 2.9\tex\latex\psnfss\pifont.sty"
Package: pifont 2005/04/12 PSNFSS-v9.2a Pi font support (SPQR) 
LaTeX Font Info:    Try loading font information for U+pzd on input line 63.

("C:\Program Files (x86)\MiKTeX 2.9\tex\latex\psnfss\upzd.fd"
File: upzd.fd 2001/06/04 font definitions for U/pzd.
)
LaTeX Font Info:    Try loading font information for U+psy on input line 64.

("C:\Program Files (x86)\MiKTeX 2.9\tex\latex\psnfss\upsy.fd"
File: upsy.fd 2001/06/04 font definitions for U/psy.
))
\c@tnote=\count88
\c@fnote=\count89
\c@cnote=\count90
\c@ead=\count91
\c@author=\count92
\@eadauthor=\toks15
\c@affn=\count93
\absbox=\box26
\keybox=\box27
\Columnwidth=\dimen106
\space@left=\dimen107
\els@boxa=\box28
\els@boxb=\box29
\leftMargin=\dimen108
\@enLab=\toks16
\@sep=\skip43
\@@sep=\skip44

(C:\Users\bscuser\Documents\Research\parsec-ompss\publications\big_little\jpdc-
special-Revision\elsarticle-template-num.spl)
("C:\Program Files (x86)\MiKTeX 2.9\tex\latex\natbib\natbib.sty"
Package: natbib 2010/09/13 8.31b (PWD, AO)
\bibhang=\skip45
\bibsep=\skip46
LaTeX Info: Redefining \cite on input line 694.
\c@NAT@ctr=\count94
)
\splwrite=\write3
)
("C:\Program Files (x86)\MiKTeX 2.9\tex\latex\amsfonts\amssymb.sty"
Package: amssymb 2013/01/14 v3.01 AMS font symbols

("C:\Program Files (x86)\MiKTeX 2.9\tex\latex\amsfonts\amsfonts.sty"
Package: amsfonts 2013/01/14 v3.01 Basic AMSFonts support
\@emptytoks=\toks17
\symAMSa=\mathgroup4
\symAMSb=\mathgroup5
LaTeX Font Info:    Overwriting math alphabet `\mathfrak' in version `bold'
(Font)                  U/euf/m/n --> U/euf/b/n on input line 106.
))
("C:\Program Files (x86)\MiKTeX 2.9\tex\latex\url\url.sty"
\Urlmuskip=\muskip10
Package: url 2013/09/16  ver 3.4  Verb mode for urls, etc.
)
("C:\Program Files (x86)\MiKTeX 2.9\tex\latex\amsmath\amsmath.sty"
Package: amsmath 2013/01/14 v2.14 AMS math features
\@mathmargin=\skip47

For additional information on amsmath, use the `?' option.
("C:\Program Files (x86)\MiKTeX 2.9\tex\latex\amsmath\amstext.sty"
Package: amstext 2000/06/29 v2.01

("C:\Program Files (x86)\MiKTeX 2.9\tex\latex\amsmath\amsgen.sty"
File: amsgen.sty 1999/11/30 v2.0
\@emptytoks=\toks18
\ex@=\dimen109
))
("C:\Program Files (x86)\MiKTeX 2.9\tex\latex\amsmath\amsbsy.sty"
Package: amsbsy 1999/11/29 v1.2d
\pmbraise@=\dimen110
)
("C:\Program Files (x86)\MiKTeX 2.9\tex\latex\amsmath\amsopn.sty"
Package: amsopn 1999/12/14 v2.01 operator names
)
\inf@bad=\count95
LaTeX Info: Redefining \frac on input line 210.
\uproot@=\count96
\leftroot@=\count97
LaTeX Info: Redefining \overline on input line 306.
\classnum@=\count98
\DOTSCASE@=\count99
LaTeX Info: Redefining \ldots on input line 378.
LaTeX Info: Redefining \dots on input line 381.
LaTeX Info: Redefining \cdots on input line 466.
\Mathstrutbox@=\box30
\strutbox@=\box31
\big@size=\dimen111
LaTeX Font Info:    Redeclaring font encoding OML on input line 566.
LaTeX Font Info:    Redeclaring font encoding OMS on input line 567.
\macc@depth=\count100
\c@MaxMatrixCols=\count101
\dotsspace@=\muskip11
\c@parentequation=\count102
\dspbrk@lvl=\count103
\tag@help=\toks19
\row@=\count104
\column@=\count105
\maxfields@=\count106
\andhelp@=\toks20
\eqnshift@=\dimen112
\alignsep@=\dimen113
\tagshift@=\dimen114
\tagwidth@=\dimen115
\totwidth@=\dimen116
\lineht@=\dimen117
\@envbody=\toks21
\multlinegap=\skip48
\multlinetaggap=\skip49
\mathdisplay@stack=\toks22
LaTeX Info: Redefining \[ on input line 2665.
LaTeX Info: Redefining \] on input line 2666.
)
("C:\Program Files (x86)\MiKTeX 2.9\tex\latex\multirow\multirow.sty"
\bigstrutjot=\dimen118
)
("C:\Program Files (x86)\MiKTeX 2.9\tex\latex\preprint\balance.sty"
Package: balance 1999/02/23 4.3 (PWD)
\oldvsize=\dimen119
)
("C:\Program Files (x86)\MiKTeX 2.9\tex\latex\xcolor\xcolor.sty"
Package: xcolor 2007/01/21 v2.11 LaTeX color extensions (UK)

("C:\Program Files (x86)\MiKTeX 2.9\tex\latex\00miktex\color.cfg"
File: color.cfg 2007/01/18 v1.5 color configuration of teTeX/TeXLive
)
Package xcolor Info: Driver file: pdftex.def on input line 225.
Package xcolor Info: Model `cmy' substituted by `cmy0' on input line 1337.
Package xcolor Info: Model `hsb' substituted by `rgb' on input line 1341.
Package xcolor Info: Model `RGB' extended on input line 1353.
Package xcolor Info: Model `HTML' substituted by `rgb' on input line 1355.
Package xcolor Info: Model `Hsb' substituted by `hsb' on input line 1356.
Package xcolor Info: Model `tHsb' substituted by `hsb' on input line 1357.
Package xcolor Info: Model `HSB' substituted by `hsb' on input line 1358.
Package xcolor Info: Model `Gray' substituted by `gray' on input line 1359.
Package xcolor Info: Model `wave' substituted by `hsb' on input line 1360.
)
(C:\Users\bscuser\Documents\Research\parsec-ompss\publications\big_little\jpdc-
special-Revision\elsarticle-template-num.aux)
LaTeX Font Info:    Checking defaults for OML/cmm/m/it on input line 57.
LaTeX Font Info:    ... okay on input line 57.
LaTeX Font Info:    Checking defaults for T1/cmr/m/n on input line 57.
LaTeX Font Info:    ... okay on input line 57.
LaTeX Font Info:    Checking defaults for OT1/cmr/m/n on input line 57.
LaTeX Font Info:    ... okay on input line 57.
LaTeX Font Info:    Checking defaults for OMS/cmsy/m/n on input line 57.
LaTeX Font Info:    ... okay on input line 57.
LaTeX Font Info:    Checking defaults for OMX/cmex/m/n on input line 57.
LaTeX Font Info:    ... okay on input line 57.
LaTeX Font Info:    Checking defaults for U/cmr/m/n on input line 57.
LaTeX Font Info:    ... okay on input line 57.

("C:\Program Files (x86)\MiKTeX 2.9\tex\context\base\supp-pdf.mkii"
[Loading MPS to PDF converter (version 2006.09.02).]
\scratchcounter=\count107
\scratchdimen=\dimen120
\scratchbox=\box32
\nofMPsegments=\count108
\nofMParguments=\count109
\everyMPshowfont=\toks23
\MPscratchCnt=\count110
\MPscratchDim=\dimen121
\MPnumerator=\count111
\makeMPintoPDFobject=\count112
\everyMPtoPDFconversion=\toks24
)
(C:\Users\bscuser\Documents\Research\parsec-ompss\publications\big_little\jpdc-
special-Revision\00-abstract.tex)
LaTeX Font Info:    Try loading font information for U+msa on input line 110.

("C:\Program Files (x86)\MiKTeX 2.9\tex\latex\amsfonts\umsa.fd"
File: umsa.fd 2013/01/14 v3.01 AMS symbols A
)
LaTeX Font Info:    Try loading font information for U+msb on input line 110.

("C:\Program Files (x86)\MiKTeX 2.9\tex\latex\amsfonts\umsb.fd"
File: umsb.fd 2013/01/14 v3.01 AMS symbols B
)
(C:\Users\bscuser\Documents\Research\parsec-ompss\publications\big_little\jpdc-
special-Revision\01-introduction.tex
Overfull \hbox (5.38339pt too wide) in paragraph at lines 26--35
[]\OT1/cmr/m/n/12 The fu-ture of par-al-lel com-put-ing is highly re-stricted b
y en-ergy ef-fi-ciency [[]].
 []

[1


{C:/ProgramData/MiKTeX/2.9/pdftex/config/pdftex.map}] [2])
(C:\Users\bscuser\Documents\Research\parsec-ompss\publications\big_little\jpdc-
special-Revision\02-background.tex [3]
<figures/block_diagram.pdf, id=23, 484.81125pt x 313.9228pt>
File: figures/block_diagram.pdf Graphic file (type pdf)

<use figures/block_diagram.pdf>
Package pdftex.def Info: figures/block_diagram.pdf used on input line 24.
(pdftex.def)             Requested size: 195.0pt x 126.26624pt.
 [4 <C:/Users/bscuser/Documents/Research/parsec-ompss/publications/big_little/j
pdc-special-Revision/figures/block_diagram.pdf>])
(C:\Users\bscuser\Documents\Research\parsec-ompss\publications\big_little\jpdc-
special-Revision\03-scheduling.tex [5]
Overfull \hbox (3.58203pt too wide) in paragraph at lines 72--81
[]\OT1/cmr/m/n/12 Current pro-gram-ming mod-els for shared mem-ory sys-tems suc
h as OpenMP
 []

[6] [7])
(C:\Users\bscuser\Documents\Research\parsec-ompss\publications\big_little\jpdc-
special-Revision\04-experimental.tex [8] [9]
<figures/ideal_speedup_new.pdf, id=53, 1073.51062pt x 299.61937pt>
File: figures/ideal_speedup_new.pdf Graphic file (type pdf)

<use figures/ideal_speedup_new.pdf>
Package pdftex.def Info: figures/ideal_speedup_new.pdf used on input line 162.
(pdftex.def)             Requested size: 390.0pt x 108.8504pt.
 [10 <C:/Users/bscuser/Documents/Research/parsec-ompss/publications/big_little/
jpdc-special-Revision/figures/ideal_speedup_new.pdf>])
(C:\Users\bscuser\Documents\Research\parsec-ompss\publications\big_little\jpdc-
special-Revision\05-evaluation.tex
LaTeX Font Info:    Try loading font information for OMS+cmr on input line 53.

("C:\Program Files (x86)\MiKTeX 2.9\tex\latex\base\omscmr.fd"
File: omscmr.fd 1999/05/25 v2.5h Standard LaTeX font definitions
)
LaTeX Font Info:    Font shape `OMS/cmr/m/n' in size <12> not available
(Font)              Font shape `OMS/cmsy/m/n' tried instead on input line 53.
 [11]
Overfull \hbox (2.04593pt too wide) in paragraph at lines 68--73
[]\OT1/cmr/m/n/12 This sec-tion ex-am-ines the op-por-tu-ni-ties and chal-lenge
s that cur-rent AMCs
 []

<figures/speedup-4_new.pdf, id=73, 1073.51062pt x 299.61937pt>
File: figures/speedup-4_new.pdf Graphic file (type pdf)

<use figures/speedup-4_new.pdf>
Package pdftex.def Info: figures/speedup-4_new.pdf used on input line 88.
(pdftex.def)             Requested size: 390.0pt x 108.8504pt.

<figures/power4_new.pdf, id=74, 1073.51062pt x 299.61937pt>
File: figures/power4_new.pdf Graphic file (type pdf)

<use figures/power4_new.pdf>
Package pdftex.def Info: figures/power4_new.pdf used on input line 98.
(pdftex.def)             Requested size: 390.0pt x 108.8504pt.

<figures/energy_EDP-4_new.pdf, id=75, 1073.51062pt x 299.61937pt>
File: figures/energy_EDP-4_new.pdf Graphic file (type pdf)

<use figures/energy_EDP-4_new.pdf>
Package pdftex.def Info: figures/energy_EDP-4_new.pdf used on input line 106.
(pdftex.def)             Requested size: 390.0pt x 108.8504pt.

Overfull \hbox (0.38762pt too wide) in paragraph at lines 81--112
[]\OT1/cmr/m/n/12 Focusing on the av-er-age per-for-mance re-sults, we no-tice 
that all ap-proaches
 []


LaTeX Warning: `!h' float specifier changed to `!ht'.

[12] [13 <C:/Users/bscuser/Documents/Research/parsec-ompss/publications/big_lit
tle/jpdc-special-Revision/figures/speedup-4_new.pdf> <C:/Users/bscuser/Document
s/Research/parsec-ompss/publications/big_little/jpdc-special-Revision/figures/p
ower4_new.pdf

pdfTeX warning: pdflatex.exe (file C:/Users/bscuser/Documents/Research/parsec-o
mpss/publications/big_little/jpdc-special-Revision/figures/power4_new.pdf): PDF
 inclusion: multiple pdfs with page group included in a single page
> <C:/Users/bscuser/Documents/Research/parsec-ompss/publications/big_little/jpd
c-special-Revision/figures/energy_EDP-4_new.pdf

pdfTeX warning: pdflatex.exe (file C:/Users/bscuser/Documents/Research/parsec-o
mpss/publications/big_little/jpdc-special-Revision/figures/energy_EDP-4_new.pdf
): PDF inclusion: multiple pdfs with page group included in a single page
>] [14] [15]
<figures/averages_4plus_new.pdf, id=126, 1358.07375pt x 322.20375pt>
File: figures/averages_4plus_new.pdf Graphic file (type pdf)

<use figures/averages_4plus_new.pdf>
Package pdftex.def Info: figures/averages_4plus_new.pdf used on input line 227.

(pdftex.def)             Requested size: 390.0pt x 92.52715pt.

<figures/speedup-4plus.pdf, id=127, 1337.74782pt x 299.61937pt>
File: figures/speedup-4plus.pdf Graphic file (type pdf)

<use figures/speedup-4plus.pdf>
Package pdftex.def Info: figures/speedup-4plus.pdf used on input line 265.
(pdftex.def)             Requested size: 390.0pt x 87.34914pt.

<figures/power4plus.pdf, id=128, 1337.74782pt x 299.61937pt>
File: figures/power4plus.pdf Graphic file (type pdf)

<use figures/power4plus.pdf>
Package pdftex.def Info: figures/power4plus.pdf used on input line 273.
(pdftex.def)             Requested size: 390.0pt x 87.34914pt.
 [16 <C:/Users/bscuser/Documents/Research/parsec-ompss/publications/big_little/
jpdc-special-Revision/figures/averages_4plus_new.pdf>] [17 <C:/Users/bscuser/Do
cuments/Research/parsec-ompss/publications/big_little/jpdc-special-Revision/fig
ures/speedup-4plus.pdf> <C:/Users/bscuser/Documents/Research/parsec-ompss/publi
cations/big_little/jpdc-special-Revision/figures/power4plus.pdf

pdfTeX warning: pdflatex.exe (file C:/Users/bscuser/Documents/Research/parsec-o
mpss/publications/big_little/jpdc-special-Revision/figures/power4plus.pdf): PDF
 inclusion: multiple pdfs with page group included in a single page
>] [18]
<figures/speedup-ompssVSopenmp_new.pdf, id=180, 669.2503pt x 277.035pt>
File: figures/speedup-ompssVSopenmp_new.pdf Graphic file (type pdf)

<use figures/speedup-ompssVSopenmp_new.pdf>
Package pdftex.def Info: figures/speedup-ompssVSopenmp_new.pdf used on input li
ne 361.
(pdftex.def)             Requested size: 390.0pt x 161.44553pt.
 [19 <C:/Users/bscuser/Documents/Research/parsec-ompss/publications/big_little/
jpdc-special-Revision/figures/speedup-ompssVSopenmp_new.pdf>] [20])
(C:\Users\bscuser\Documents\Research\parsec-ompss\publications\big_little\jpdc-
special-Revision\06-related.tex [21])
(C:\Users\bscuser\Documents\Research\parsec-ompss\publications\big_little\jpdc-
special-Revision\07-conclusions.tex [22]
Overfull \hbox (8.27892pt too wide) in paragraph at lines 20--20
[]\OT1/cmr/bx/n/12 Current im-ple-men-ta-tions of par-al-lel ap-pli-ca-tions us
-ing pthreads
 []

[23]) [24]
(C:\Users\bscuser\Documents\Research\parsec-ompss\publications\big_little\jpdc-
special-Revision\elsarticle-template-num.bbl
Underfull \hbox (badness 3646) in paragraph at lines 20--24
[]\OT1/cmr/m/n/12 Y. Wu, C. Gillan, U. Min-has, S. Barb-huiya, A. No-vakovic,
 []

[25] [26]
Underfull \hbox (badness 10000) in paragraph at lines 138--142
\OT1/cmr/m/n/12 URL $\OT1/cmtt/m/n/12 http : / / infocenter . arm . com / help 
/ topic / com . arm . doc .$
 []


Underfull \hbox (badness 10000) in paragraph at lines 148--152
\OT1/cmr/m/n/12 URL $\OT1/cmtt/m/n/12 http : / / infocenter . arm . com / help 
/ topic / com . arm . doc .$
 []

[27] [28]
Underfull \hbox (badness 10000) in paragraph at lines 230--233
[]\OT1/cmr/m/n/12 G. Sih, E. Lee, A Compile-Time Schedul-ing Heuris-tic for
 []


Underfull \hbox (badness 1215) in paragraph at lines 230--233
\OT1/cmr/m/n/12 Interconnection-Constrained Het-ero-ge-neous Pro-ces-sor Ar-chi
-tec-tures,
 []


Underfull \hbox (badness 1043) in paragraph at lines 244--246
\OT1/cmr/m/n/12 Complexity Task Schedul-ing for Het-ero-ge-neous Com-put-ing, I
EEE
 []

) [29]
(C:\Users\bscuser\Documents\Research\parsec-ompss\publications\big_little\jpdc-
special-Revision\elsarticle-template-num.aux) ) 
Here is how much of TeX's memory you used:
 3479 strings out of 493921
 46706 string characters out of 3144870
 104274 words of memory out of 3000000
 6687 multiletter control sequences out of 15000+200000
 14472 words of font info for 56 fonts, out of 3000000 for 9000
 841 hyphenation exceptions out of 8191
 34i,10n,35p,1281b,445s stack positions out of 5000i,500n,10000p,200000b,50000s
<C:/Program Files (x86)/MiKTeX 2
.9/fonts/type1/public/amsfonts/cm/cmbx10.pfb><C:/Program Files (x86)/MiKTeX 2.9
/fonts/type1/public/amsfonts/cm/cmbx12.pfb><C:/Program Files (x86)/MiKTeX 2.9/f
onts/type1/public/amsfonts/cm/cmbx8.pfb><C:/Program Files (x86)/MiKTeX 2.9/font
s/type1/public/amsfonts/cm/cmr10.pfb><C:/Program Files (x86)/MiKTeX 2.9/fonts/t
ype1/public/amsfonts/cm/cmr12.pfb><C:/Program Files (x86)/MiKTeX 2.9/fonts/type
1/public/amsfonts/cm/cmr17.pfb><C:/Program Files (x86)/MiKTeX 2.9/fonts/type1/p
ublic/amsfonts/cm/cmr7.pfb><C:/Program Files (x86)/MiKTeX 2.9/fonts/type1/publi
c/amsfonts/cm/cmr8.pfb><C:/Program Files (x86)/MiKTeX 2.9/fonts/type1/public/am
sfonts/cm/cmr9.pfb><C:/Program Files (x86)/MiKTeX 2.9/fonts/type1/public/amsfon
ts/cm/cmsy10.pfb><C:/Program Files (x86)/MiKTeX 2.9/fonts/type1/public/amsfonts
/cm/cmsy7.pfb><C:/Program Files (x86)/MiKTeX 2.9/fonts/type1/public/amsfonts/cm
/cmsy8.pfb><C:/Program Files (x86)/MiKTeX 2.9/fonts/type1/public/amsfonts/cm/cm
ti10.pfb><C:/Program Files (x86)/MiKTeX 2.9/fonts/type1/public/amsfonts/cm/cmti
12.pfb><C:/Program Files (x86)/MiKTeX 2.9/fonts/type1/public/amsfonts/cm/cmtt10
.pfb><C:/Program Files (x86)/MiKTeX 2.9/fonts/type1/public/amsfonts/cm/cmtt12.p
fb>
Output written on elsarticle-template-num.pdf (29 pages, 1775705 bytes).
PDF statistics:
 279 PDF objects out of 1000 (max. 8388607)
 0 named destinations out of 1000 (max. 500000)
 46 words of extra memory for PDF output out of 10000 (max. 10000000)

