This is pdfTeX, Version 3.1415926-2.5-1.40.14 (MiKTeX 2.9) (preloaded format=pdflatex 2015.8.28)  22 SEP 2016 11:54
entering extended mode
**paper.tex

(C:\Users\bscuser\Documents\Research\parsec-ompss\publications\big_little\paper
.tex
LaTeX2e <2011/06/27>
Babel <v3.8m> and hyphenation patterns for english, afrikaans, ancientgreek, ar
abic, armenian, assamese, basque, bengali, bokmal, bulgarian, catalan, coptic, 
croatian, czech, danish, dutch, esperanto, estonian, farsi, finnish, french, ga
lician, german, german-x-2013-05-26, greek, gujarati, hindi, hungarian, iceland
ic, indonesian, interlingua, irish, italian, kannada, kurmanji, latin, latvian,
 lithuanian, malayalam, marathi, mongolian, mongolianlmc, monogreek, ngerman, n
german-x-2013-05-26, nynorsk, oriya, panjabi, pinyin, polish, portuguese, roman
ian, russian, sanskrit, serbian, slovak, slovenian, spanish, swedish, swissgerm
an, tamil, telugu, turkish, turkmen, ukenglish, ukrainian, uppersorbian, usengl
ishmax, welsh, loaded.

(C:\Users\bscuser\Documents\Research\parsec-ompss\publications\big_little\sig-a
lternate.cls ("C:\Program Files (x86)\MiKTeX 2.9\tex\latex\graphics\epsfig.sty"
Package: epsfig 1999/02/16 v1.7a (e)psfig emulation (SPQR)
("C:\Program Files (x86)\MiKTeX 2.9\tex\latex\graphics\graphicx.sty"
Package: graphicx 1999/02/16 v1.0f Enhanced LaTeX Graphics (DPC,SPQR)

("C:\Program Files (x86)\MiKTeX 2.9\tex\latex\graphics\keyval.sty"
Package: keyval 1999/03/16 v1.13 key=value parser (DPC)
\KV@toks@=\toks14
)
("C:\Program Files (x86)\MiKTeX 2.9\tex\latex\graphics\graphics.sty"
Package: graphics 2009/02/05 v1.0o Standard LaTeX Graphics (DPC,SPQR)

("C:\Program Files (x86)\MiKTeX 2.9\tex\latex\graphics\trig.sty"
Package: trig 1999/03/16 v1.09 sin cos tan (DPC)
)
("C:\Program Files (x86)\MiKTeX 2.9\tex\latex\00miktex\graphics.cfg"
File: graphics.cfg 2007/01/18 v1.5 graphics configuration of teTeX/TeXLive
)
Package graphics Info: Driver file: pdftex.def on input line 91.

("C:\Program Files (x86)\MiKTeX 2.9\tex\latex\pdftex-def\pdftex.def"
File: pdftex.def 2011/05/27 v0.06d Graphics/color for pdfTeX

("C:\Program Files (x86)\MiKTeX 2.9\tex\generic\oberdiek\infwarerr.sty"
Package: infwarerr 2010/04/08 v1.3 Providing info/warning/error messages (HO)
)
("C:\Program Files (x86)\MiKTeX 2.9\tex\generic\oberdiek\ltxcmds.sty"
Package: ltxcmds 2011/11/09 v1.22 LaTeX kernel commands for general use (HO)
)
\Gread@gobject=\count79
))
\Gin@req@height=\dimen102
\Gin@req@width=\dimen103
)
\epsfxsize=\dimen104
\epsfysize=\dimen105
)
("C:\Program Files (x86)\MiKTeX 2.9\tex\latex\amsfonts\amssymb.sty"
Package: amssymb 2013/01/14 v3.01 AMS font symbols

("C:\Program Files (x86)\MiKTeX 2.9\tex\latex\amsfonts\amsfonts.sty"
Package: amsfonts 2013/01/14 v3.01 Basic AMSFonts support
\@emptytoks=\toks15
\symAMSa=\mathgroup4
\symAMSb=\mathgroup5
LaTeX Font Info:    Overwriting math alphabet `\mathfrak' in version `bold'
(Font)                  U/euf/m/n --> U/euf/b/n on input line 106.
))
("C:\Program Files (x86)\MiKTeX 2.9\tex\latex\amsmath\amsmath.sty"
Package: amsmath 2013/01/14 v2.14 AMS math features
\@mathmargin=\skip41

For additional information on amsmath, use the `?' option.
("C:\Program Files (x86)\MiKTeX 2.9\tex\latex\amsmath\amstext.sty"
Package: amstext 2000/06/29 v2.01

("C:\Program Files (x86)\MiKTeX 2.9\tex\latex\amsmath\amsgen.sty"
File: amsgen.sty 1999/11/30 v2.0
\@emptytoks=\toks16
\ex@=\dimen106
))
("C:\Program Files (x86)\MiKTeX 2.9\tex\latex\amsmath\amsbsy.sty"
Package: amsbsy 1999/11/29 v1.2d
\pmbraise@=\dimen107
)
("C:\Program Files (x86)\MiKTeX 2.9\tex\latex\amsmath\amsopn.sty"
Package: amsopn 1999/12/14 v2.01 operator names
)
\inf@bad=\count80
LaTeX Info: Redefining \frac on input line 210.
\uproot@=\count81
\leftroot@=\count82
LaTeX Info: Redefining \overline on input line 306.
\classnum@=\count83
\DOTSCASE@=\count84
LaTeX Info: Redefining \ldots on input line 378.
LaTeX Info: Redefining \dots on input line 381.
LaTeX Info: Redefining \cdots on input line 466.
\Mathstrutbox@=\box26
\strutbox@=\box27
\big@size=\dimen108
LaTeX Font Info:    Redeclaring font encoding OML on input line 566.
LaTeX Font Info:    Redeclaring font encoding OMS on input line 567.
\macc@depth=\count85
\c@MaxMatrixCols=\count86
\dotsspace@=\muskip10
\c@parentequation=\count87
\dspbrk@lvl=\count88
\tag@help=\toks17
\row@=\count89
\column@=\count90
\maxfields@=\count91
\andhelp@=\toks18
\eqnshift@=\dimen109
\alignsep@=\dimen110
\tagshift@=\dimen111
\tagwidth@=\dimen112
\totwidth@=\dimen113
\lineht@=\dimen114
\@envbody=\toks19
\multlinegap=\skip42
\multlinetaggap=\skip43
\mathdisplay@stack=\toks20
LaTeX Info: Redefining \[ on input line 2665.
LaTeX Info: Redefining \] on input line 2666.
)
Document Class 'sig-alternate' <23rd. May '12>. Modified by G.K.M. Tobin/Gerry 
Murray
Based in part upon document Style `acmconf' <22 May 89>. Hacked 4/91 by
shivers@cs.cmu.edu, 4/93 by theobald@cs.mcgill.ca
Excerpts were taken from (Journal Style) 'esub2acm.cls'.
****** Bugs/comments/suggestions/technicalities to Gerry Murray -- murray@hq.ac
m.org ******
Questions on the style, SIGS policies, etc. to Adrienne Griscti griscti@acm.org

\footheight=\dimen115
\@maxsep=\dimen116
\@dblmaxsep=\dimen117
\aucount=\count92
\originalaucount=\count93
\auwidth=\dimen118
\auskip=\dimen119
\auskipcount=\count94
\auskip=\dimen120
\allauboxes=\dimen121
\addauthors=\toks21
\addauflag=\count95
\subtitletext=\toks22
\savesection=\count96
\sectioncntr=\count97
\c@figure=\count98
\c@table=\count99
\titleboxnotes=\toks23
\titleboxnoteflag=\count100
Document Class: sig-alternate 2012/05/23 - V2.5 - based on acmproc.cls V1.3 <No
v. 30 '99>
("C:\Program Files (x86)\MiKTeX 2.9\tex\latex\base\latexsym.sty"
Package: latexsym 1998/08/17 v2.2e Standard LaTeX package (lasy symbols)
\symlasy=\mathgroup6
LaTeX Font Info:    Overwriting symbol font `lasy' in version `bold'
(Font)                  U/lasy/m/n --> U/lasy/b/n on input line 47.
)
\@acmtitlebox=\box28
\titlenotecount=\count101
\tntoks=\toks24
\tntokstwo=\toks25
\tntoksthree=\toks26
\tntoksfour=\toks27
\tntoksfive=\toks28
\catcount=\count102
\copyrightnotice=\toks29
\c@part=\count103
\c@section=\count104
\c@subsection=\count105
\c@subsubsection=\count106
\c@paragraph=\count107

Using 'Abbrev' bibliography style
LaTeX Info: Redefining \cite on input line 1224.
\bibindent=\dimen122
\colcntr=\count108
\saveb@x=\box29
\copyrtyr=\toks30
\acmcopyr=\toks31
\boilerplate=\toks32
\copyrightetc=\toks33
("C:\Program Files (x86)\MiKTeX 2.9\tex\latex\base\fontenc.sty"
Package: fontenc 2005/09/27 v1.99g Standard LaTeX package

("C:\Program Files (x86)\MiKTeX 2.9\tex\latex\base\t1enc.def"
File: t1enc.def 2005/09/27 v1.99g Standard LaTeX file
LaTeX Font Info:    Redeclaring font encoding T1 on input line 43.
)
LaTeX Font Info:    Try loading font information for T1+aer on input line 100.

("C:\Program Files (x86)\MiKTeX 2.9\tex\latex\ae\t1aer.fd"
File: t1aer.fd 1997/11/16 Font definitions for T1/aer.
)))
("C:\Program Files (x86)\MiKTeX 2.9\tex\latex\fancyhdr\fancyhdr.sty"
\fancy@headwidth=\skip44
\f@ncyO@elh=\skip45
\f@ncyO@erh=\skip46
\f@ncyO@olh=\skip47
\f@ncyO@orh=\skip48
\f@ncyO@elf=\skip49
\f@ncyO@erf=\skip50
\f@ncyO@olf=\skip51
\f@ncyO@orf=\skip52
)
("C:\Program Files (x86)\MiKTeX 2.9\tex\latex\listings\listings.sty"
\lst@mode=\count109
\lst@gtempboxa=\box30
\lst@token=\toks34
\lst@length=\count110
\lst@currlwidth=\dimen123
\lst@column=\count111
\lst@pos=\count112
\lst@lostspace=\dimen124
\lst@width=\dimen125
\lst@newlines=\count113
\lst@lineno=\count114
\abovecaptionskip=\skip53
\belowcaptionskip=\skip54
\lst@maxwidth=\dimen126

("C:\Program Files (x86)\MiKTeX 2.9\tex\latex\listings\lstmisc.sty"
File: lstmisc.sty 2015/06/04 1.6 (Carsten Heinz)
\c@lstnumber=\count115
\lst@skipnumbers=\count116
\lst@framebox=\box31
)
("C:\Program Files (x86)\MiKTeX 2.9\tex\latex\listings\listings.cfg"
File: listings.cfg 2015/06/04 1.6 listings configuration
))
Package: listings 2015/06/04 1.6 (Carsten Heinz)

("C:\Program Files (x86)\MiKTeX 2.9\tex\latex\preprint\balance.sty"
Package: balance 1999/02/23 4.3 (PWD)
\oldvsize=\dimen127
)
("C:\Program Files (x86)\MiKTeX 2.9\tex\latex\graphics\color.sty"
Package: color 2005/11/14 v1.0j Standard LaTeX Color (DPC)

("C:\Program Files (x86)\MiKTeX 2.9\tex\latex\00miktex\color.cfg"
File: color.cfg 2007/01/18 v1.5 color configuration of teTeX/TeXLive
)
Package color Info: Driver file: pdftex.def on input line 130.
)
("C:\Program Files (x86)\MiKTeX 2.9\tex\latex\oberdiek\epstopdf.sty"
Package: epstopdf 2010/02/09 v2.5 Conversion with epstopdf on the fly (HO)

("C:\Program Files (x86)\MiKTeX 2.9\tex\latex\oberdiek\epstopdf-base.sty"
Package: epstopdf-base 2010/02/09 v2.5 Base part for package epstopdf

("C:\Program Files (x86)\MiKTeX 2.9\tex\latex\oberdiek\grfext.sty"
Package: grfext 2010/08/19 v1.1 Manage graphics extensions (HO)

("C:\Program Files (x86)\MiKTeX 2.9\tex\generic\oberdiek\kvdefinekeys.sty"
Package: kvdefinekeys 2011/04/07 v1.3 Define keys (HO)
))
("C:\Program Files (x86)\MiKTeX 2.9\tex\latex\oberdiek\kvoptions.sty"
Package: kvoptions 2011/06/30 v3.11 Key value format for package options (HO)

("C:\Program Files (x86)\MiKTeX 2.9\tex\generic\oberdiek\kvsetkeys.sty"
Package: kvsetkeys 2012/04/25 v1.16 Key value parser (HO)

("C:\Program Files (x86)\MiKTeX 2.9\tex\generic\oberdiek\etexcmds.sty"
Package: etexcmds 2011/02/16 v1.5 Avoid name clashes with e-TeX commands (HO)

("C:\Program Files (x86)\MiKTeX 2.9\tex\generic\oberdiek\ifluatex.sty"
Package: ifluatex 2010/03/01 v1.3 Provides the ifluatex switch (HO)
Package ifluatex Info: LuaTeX not detected.
)
Package etexcmds Info: Could not find \expanded.
(etexcmds)             That can mean that you are not using pdfTeX 1.50 or
(etexcmds)             that some package has redefined \expanded.
(etexcmds)             In the latter case, load this package earlier.
)))
("C:\Program Files (x86)\MiKTeX 2.9\tex\generic\oberdiek\pdftexcmds.sty"
Package: pdftexcmds 2011/11/29 v0.20 Utility functions of pdfTeX for LuaTeX (HO
)

("C:\Program Files (x86)\MiKTeX 2.9\tex\generic\oberdiek\ifpdf.sty"
Package: ifpdf 2011/01/30 v2.3 Provides the ifpdf switch (HO)
Package ifpdf Info: pdfTeX in PDF mode is detected.
)
Package pdftexcmds Info: LuaTeX not detected.
Package pdftexcmds Info: \pdf@primitive is available.
Package pdftexcmds Info: \pdf@ifprimitive is available.
Package pdftexcmds Info: \pdfdraftmode found.
)
Package grfext Info: Graphics extension search list:
(grfext)             [.png,.pdf,.jpg,.mps,.jpeg,.jbig2,.jb2,.PNG,.PDF,.JPG,.JPE
G,.JBIG2,.JB2,.eps]
(grfext)             \AppendGraphicsExtensions on input line 452.
))
("C:\Program Files (x86)\MiKTeX 2.9\tex\latex\multirow\multirow.sty"
\bigstrutjot=\dimen128
)
("C:\Program Files (x86)\MiKTeX 2.9\tex\latex\url\url.sty"
\Urlmuskip=\muskip11
Package: url 2013/09/16  ver 3.4  Verb mode for urls, etc.
)
("C:\Program Files (x86)\MiKTeX 2.9\tex\latex\cite\cite.sty"
LaTeX Info: Redefining \cite on input line 302.
LaTeX Info: Redefining \nocite on input line 332.
Package: cite 2015/02/27  v 5.5
)
("C:\Program Files (x86)\MiKTeX 2.9\tex\latex\soul\soul.sty"
Package: soul 2003/11/17 v2.4 letterspacing/underlining (mf)
\SOUL@word=\toks35
\SOUL@lasttoken=\toks36
\SOUL@cmds=\toks37
\SOUL@buffer=\toks38
\SOUL@token=\toks39
\SOUL@spaceskip=\skip55
\SOUL@ttwidth=\dimen129
\SOUL@uldp=\dimen130
\SOUL@ulht=\dimen131
)
("C:\Program Files (x86)\MiKTeX 2.9\tex\latex\xcolor\xcolor.sty"
Package: xcolor 2007/01/21 v2.11 LaTeX color extensions (UK)

("C:\Program Files (x86)\MiKTeX 2.9\tex\latex\00miktex\color.cfg"
File: color.cfg 2007/01/18 v1.5 color configuration of teTeX/TeXLive
)
Package xcolor Info: Driver file: pdftex.def on input line 225.
LaTeX Info: Redefining \color on input line 702.
Package xcolor Info: Model `cmy' substituted by `cmy0' on input line 1337.
Package xcolor Info: Model `hsb' substituted by `rgb' on input line 1341.
Package xcolor Info: Model `RGB' extended on input line 1353.
Package xcolor Info: Model `HTML' substituted by `rgb' on input line 1355.
Package xcolor Info: Model `Hsb' substituted by `hsb' on input line 1356.
Package xcolor Info: Model `tHsb' substituted by `hsb' on input line 1357.
Package xcolor Info: Model `HSB' substituted by `hsb' on input line 1358.
Package xcolor Info: Model `Gray' substituted by `gray' on input line 1359.
Package xcolor Info: Model `wave' substituted by `hsb' on input line 1360.

("C:\Program Files (x86)\MiKTeX 2.9\tex\latex\graphics\dvipsnam.def"
File: dvipsnam.def 1999/02/16 v3.0i Driver-dependant file (DPC,SPQR)
))
("C:\Program Files (x86)\MiKTeX 2.9\tex\latex\base\inputenc.sty"
Package: inputenc 2008/03/30 v1.1d Input encoding file
\inpenc@prehook=\toks40
\inpenc@posthook=\toks41

("C:\Program Files (x86)\MiKTeX 2.9\tex\latex\base\utf8.def"
File: utf8.def 2008/04/05 v1.1m UTF-8 support for inputenc
Now handling font encoding OML ...
... no UTF-8 mapping file for font encoding OML
Now handling font encoding T1 ...
... processing UTF-8 mapping file for font encoding T1

("C:\Program Files (x86)\MiKTeX 2.9\tex\latex\base\t1enc.dfu"
File: t1enc.dfu 2008/04/05 v1.1m UTF-8 support for inputenc
   defining Unicode char U+00A1 (decimal 161)
   defining Unicode char U+00A3 (decimal 163)
   defining Unicode char U+00AB (decimal 171)
   defining Unicode char U+00BB (decimal 187)
   defining Unicode char U+00BF (decimal 191)
   defining Unicode char U+00C0 (decimal 192)
   defining Unicode char U+00C1 (decimal 193)
   defining Unicode char U+00C2 (decimal 194)
   defining Unicode char U+00C3 (decimal 195)
   defining Unicode char U+00C4 (decimal 196)
   defining Unicode char U+00C5 (decimal 197)
   defining Unicode char U+00C6 (decimal 198)
   defining Unicode char U+00C7 (decimal 199)
   defining Unicode char U+00C8 (decimal 200)
   defining Unicode char U+00C9 (decimal 201)
   defining Unicode char U+00CA (decimal 202)
   defining Unicode char U+00CB (decimal 203)
   defining Unicode char U+00CC (decimal 204)
   defining Unicode char U+00CD (decimal 205)
   defining Unicode char U+00CE (decimal 206)
   defining Unicode char U+00CF (decimal 207)
   defining Unicode char U+00D0 (decimal 208)
   defining Unicode char U+00D1 (decimal 209)
   defining Unicode char U+00D2 (decimal 210)
   defining Unicode char U+00D3 (decimal 211)
   defining Unicode char U+00D4 (decimal 212)
   defining Unicode char U+00D5 (decimal 213)
   defining Unicode char U+00D6 (decimal 214)
   defining Unicode char U+00D8 (decimal 216)
   defining Unicode char U+00D9 (decimal 217)
   defining Unicode char U+00DA (decimal 218)
   defining Unicode char U+00DB (decimal 219)
   defining Unicode char U+00DC (decimal 220)
   defining Unicode char U+00DD (decimal 221)
   defining Unicode char U+00DE (decimal 222)
   defining Unicode char U+00DF (decimal 223)
   defining Unicode char U+00E0 (decimal 224)
   defining Unicode char U+00E1 (decimal 225)
   defining Unicode char U+00E2 (decimal 226)
   defining Unicode char U+00E3 (decimal 227)
   defining Unicode char U+00E4 (decimal 228)
   defining Unicode char U+00E5 (decimal 229)
   defining Unicode char U+00E6 (decimal 230)
   defining Unicode char U+00E7 (decimal 231)
   defining Unicode char U+00E8 (decimal 232)
   defining Unicode char U+00E9 (decimal 233)
   defining Unicode char U+00EA (decimal 234)
   defining Unicode char U+00EB (decimal 235)
   defining Unicode char U+00EC (decimal 236)
   defining Unicode char U+00ED (decimal 237)
   defining Unicode char U+00EE (decimal 238)
   defining Unicode char U+00EF (decimal 239)
   defining Unicode char U+00F0 (decimal 240)
   defining Unicode char U+00F1 (decimal 241)
   defining Unicode char U+00F2 (decimal 242)
   defining Unicode char U+00F3 (decimal 243)
   defining Unicode char U+00F4 (decimal 244)
   defining Unicode char U+00F5 (decimal 245)
   defining Unicode char U+00F6 (decimal 246)
   defining Unicode char U+00F8 (decimal 248)
   defining Unicode char U+00F9 (decimal 249)
   defining Unicode char U+00FA (decimal 250)
   defining Unicode char U+00FB (decimal 251)
   defining Unicode char U+00FC (decimal 252)
   defining Unicode char U+00FD (decimal 253)
   defining Unicode char U+00FE (decimal 254)
   defining Unicode char U+00FF (decimal 255)
   defining Unicode char U+0102 (decimal 258)
   defining Unicode char U+0103 (decimal 259)
   defining Unicode char U+0104 (decimal 260)
   defining Unicode char U+0105 (decimal 261)
   defining Unicode char U+0106 (decimal 262)
   defining Unicode char U+0107 (decimal 263)
   defining Unicode char U+010C (decimal 268)
   defining Unicode char U+010D (decimal 269)
   defining Unicode char U+010E (decimal 270)
   defining Unicode char U+010F (decimal 271)
   defining Unicode char U+0110 (decimal 272)
   defining Unicode char U+0111 (decimal 273)
   defining Unicode char U+0118 (decimal 280)
   defining Unicode char U+0119 (decimal 281)
   defining Unicode char U+011A (decimal 282)
   defining Unicode char U+011B (decimal 283)
   defining Unicode char U+011E (decimal 286)
   defining Unicode char U+011F (decimal 287)
   defining Unicode char U+0130 (decimal 304)
   defining Unicode char U+0131 (decimal 305)
   defining Unicode char U+0132 (decimal 306)
   defining Unicode char U+0133 (decimal 307)
   defining Unicode char U+0139 (decimal 313)
   defining Unicode char U+013A (decimal 314)
   defining Unicode char U+013D (decimal 317)
   defining Unicode char U+013E (decimal 318)
   defining Unicode char U+0141 (decimal 321)
   defining Unicode char U+0142 (decimal 322)
   defining Unicode char U+0143 (decimal 323)
   defining Unicode char U+0144 (decimal 324)
   defining Unicode char U+0147 (decimal 327)
   defining Unicode char U+0148 (decimal 328)
   defining Unicode char U+014A (decimal 330)
   defining Unicode char U+014B (decimal 331)
   defining Unicode char U+0150 (decimal 336)
   defining Unicode char U+0151 (decimal 337)
   defining Unicode char U+0152 (decimal 338)
   defining Unicode char U+0153 (decimal 339)
   defining Unicode char U+0154 (decimal 340)
   defining Unicode char U+0155 (decimal 341)
   defining Unicode char U+0158 (decimal 344)
   defining Unicode char U+0159 (decimal 345)
   defining Unicode char U+015A (decimal 346)
   defining Unicode char U+015B (decimal 347)
   defining Unicode char U+015E (decimal 350)
   defining Unicode char U+015F (decimal 351)
   defining Unicode char U+0160 (decimal 352)
   defining Unicode char U+0161 (decimal 353)
   defining Unicode char U+0162 (decimal 354)
   defining Unicode char U+0163 (decimal 355)
   defining Unicode char U+0164 (decimal 356)
   defining Unicode char U+0165 (decimal 357)
   defining Unicode char U+016E (decimal 366)
   defining Unicode char U+016F (decimal 367)
   defining Unicode char U+0170 (decimal 368)
   defining Unicode char U+0171 (decimal 369)
   defining Unicode char U+0178 (decimal 376)
   defining Unicode char U+0179 (decimal 377)
   defining Unicode char U+017A (decimal 378)
   defining Unicode char U+017B (decimal 379)
   defining Unicode char U+017C (decimal 380)
   defining Unicode char U+017D (decimal 381)
   defining Unicode char U+017E (decimal 382)
   defining Unicode char U+200C (decimal 8204)
   defining Unicode char U+2013 (decimal 8211)
   defining Unicode char U+2014 (decimal 8212)
   defining Unicode char U+2018 (decimal 8216)
   defining Unicode char U+2019 (decimal 8217)
   defining Unicode char U+201A (decimal 8218)
   defining Unicode char U+201C (decimal 8220)
   defining Unicode char U+201D (decimal 8221)
   defining Unicode char U+201E (decimal 8222)
   defining Unicode char U+2030 (decimal 8240)
   defining Unicode char U+2031 (decimal 8241)
   defining Unicode char U+2039 (decimal 8249)
   defining Unicode char U+203A (decimal 8250)
   defining Unicode char U+2423 (decimal 9251)
)
Now handling font encoding OT1 ...
... processing UTF-8 mapping file for font encoding OT1

("C:\Program Files (x86)\MiKTeX 2.9\tex\latex\base\ot1enc.dfu"
File: ot1enc.dfu 2008/04/05 v1.1m UTF-8 support for inputenc
   defining Unicode char U+00A1 (decimal 161)
   defining Unicode char U+00A3 (decimal 163)
   defining Unicode char U+00B8 (decimal 184)
   defining Unicode char U+00BF (decimal 191)
   defining Unicode char U+00C5 (decimal 197)
   defining Unicode char U+00C6 (decimal 198)
   defining Unicode char U+00D8 (decimal 216)
   defining Unicode char U+00DF (decimal 223)
   defining Unicode char U+00E6 (decimal 230)
   defining Unicode char U+00EC (decimal 236)
   defining Unicode char U+00ED (decimal 237)
   defining Unicode char U+00EE (decimal 238)
   defining Unicode char U+00EF (decimal 239)
   defining Unicode char U+00F8 (decimal 248)
   defining Unicode char U+0131 (decimal 305)
   defining Unicode char U+0141 (decimal 321)
   defining Unicode char U+0142 (decimal 322)
   defining Unicode char U+0152 (decimal 338)
   defining Unicode char U+0153 (decimal 339)
   defining Unicode char U+2013 (decimal 8211)
   defining Unicode char U+2014 (decimal 8212)
   defining Unicode char U+2018 (decimal 8216)
   defining Unicode char U+2019 (decimal 8217)
   defining Unicode char U+201C (decimal 8220)
   defining Unicode char U+201D (decimal 8221)
)
Now handling font encoding OMS ...
... processing UTF-8 mapping file for font encoding OMS

("C:\Program Files (x86)\MiKTeX 2.9\tex\latex\base\omsenc.dfu"
File: omsenc.dfu 2008/04/05 v1.1m UTF-8 support for inputenc
   defining Unicode char U+00A7 (decimal 167)
   defining Unicode char U+00B6 (decimal 182)
   defining Unicode char U+00B7 (decimal 183)
   defining Unicode char U+2020 (decimal 8224)
   defining Unicode char U+2021 (decimal 8225)
   defining Unicode char U+2022 (decimal 8226)
)
Now handling font encoding OMX ...
... no UTF-8 mapping file for font encoding OMX
Now handling font encoding U ...
... no UTF-8 mapping file for font encoding U
   defining Unicode char U+00A9 (decimal 169)
   defining Unicode char U+00AA (decimal 170)
   defining Unicode char U+00AE (decimal 174)
   defining Unicode char U+00BA (decimal 186)
   defining Unicode char U+02C6 (decimal 710)
   defining Unicode char U+02DC (decimal 732)
   defining Unicode char U+200C (decimal 8204)
   defining Unicode char U+2026 (decimal 8230)
   defining Unicode char U+2122 (decimal 8482)
   defining Unicode char U+2423 (decimal 9251)
))
("C:\Program Files (x86)\MiKTeX 2.9\tex\latex\titlesec\titlesec.sty"
Package: titlesec 2011/12/15 v2.10.0 Sectioning titles
\ttl@box=\box32
\beforetitleunit=\skip56
\aftertitleunit=\skip57
\ttl@plus=\dimen132
\ttl@minus=\dimen133
\ttl@toksa=\toks42
\titlewidth=\dimen134
\titlewidthlast=\dimen135
\titlewidthfirst=\dimen136


Package titlesec Warning: Non standard sectioning command detected
(titlesec)                Using default spacing and no format.

)
(C:\Users\bscuser\Documents\Research\parsec-ompss\publications\big_little\paper
.aux)
LaTeX Font Info:    Checking defaults for OML/cmm/m/it on input line 93.
LaTeX Font Info:    ... okay on input line 93.
LaTeX Font Info:    Checking defaults for T1/cmr/m/n on input line 93.
LaTeX Font Info:    ... okay on input line 93.
LaTeX Font Info:    Checking defaults for OT1/cmr/m/n on input line 93.
LaTeX Font Info:    ... okay on input line 93.
LaTeX Font Info:    Checking defaults for OMS/cmsy/m/n on input line 93.
LaTeX Font Info:    ... okay on input line 93.
LaTeX Font Info:    Checking defaults for OMX/cmex/m/n on input line 93.
LaTeX Font Info:    ... okay on input line 93.
LaTeX Font Info:    Checking defaults for U/cmr/m/n on input line 93.
LaTeX Font Info:    ... okay on input line 93.
 ("C:\Program Files (x86)\MiKTeX 2.9\tex\context\base\supp-pdf.mkii"
[Loading MPS to PDF converter (version 2006.09.02).]
\scratchcounter=\count117
\scratchdimen=\dimen137
\scratchbox=\box33
\nofMPsegments=\count118
\nofMParguments=\count119
\everyMPshowfont=\toks43
\MPscratchCnt=\count120
\MPscratchDim=\dimen138
\MPnumerator=\count121
\makeMPintoPDFobject=\count122
\everyMPtoPDFconversion=\toks44
)
\c@lstlisting=\count123
LaTeX Font Info:    Try loading font information for U+msa on input line 101.
 ("C:\Program Files (x86)\MiKTeX 2.9\tex\latex\amsfonts\umsa.fd"
File: umsa.fd 2013/01/14 v3.01 AMS symbols A
)
LaTeX Font Info:    Try loading font information for U+msb on input line 101.

("C:\Program Files (x86)\MiKTeX 2.9\tex\latex\amsfonts\umsb.fd"
File: umsb.fd 2013/01/14 v3.01 AMS symbols B
)
LaTeX Font Info:    Try loading font information for U+lasy on input line 101.

("C:\Program Files (x86)\MiKTeX 2.9\tex\latex\base\ulasy.fd"
File: ulasy.fd 1998/08/17 v2.2e LaTeX symbol font definitions
)
(C:\Users\bscuser\Documents\Research\parsec-ompss\publications\big_little\00-ab
stract.tex
Overfull \hbox (3.84644pt too wide) in paragraph at lines 1--11
\T1/aer/m/n/10 instruction-set ar-chi-tec-ture so threads can mi-grate across
 []


Overfull \hbox (2.10677pt too wide) in paragraph at lines 1--11
\T1/aer/m/n/10 high per-for-mance when needed. Asym-met-ric multi-cores
 []


Overfull \hbox (8.7983pt too wide) in paragraph at lines 12--26
\T1/aer/m/n/10 the big cores in the sys-tem. Con-trar-ily, the heterogeneous-
 []

)
(C:\Users\bscuser\Documents\Research\parsec-ompss\publications\big_little\01-in
troduction.tex
Overfull \hbox (1.73643pt too wide) in paragraph at lines 27--38
\T1/aer/m/n/10 asym-met-ric multi-cores with dif-fer-ent types of cores with
 []

[1{C:/ProgramData/MiKTeX/2.9/pdftex/config/pdftex.map}


])
(C:\Users\bscuser\Documents\Research\parsec-ompss\publications\big_little\02-ba
ckground.tex
Overfull \hbox (2.23619pt too wide) in paragraph at lines 4--10
\T1/aer/m/n/10 The ARM big.LITTLE [15, 21] is a state-of-the-art asym-
 []


Overfull \hbox (1.74548pt too wide) in paragraph at lines 4--10
\T1/aer/m/n/10 ARMv8-A in-struc-tion set ar-chi-tec-tures sup-port big.LIT-
 []

<figures/block_diagram.pdf, id=10, 569.87906pt x 456.20438pt>
File: figures/block_diagram.pdf Graphic file (type pdf)

<use figures/block_diagram.pdf>
Package pdftex.def Info: figures/block_diagram.pdf used on input line 15.
(pdftex.def)             Requested size: 240.0pt x 192.1266pt.

Overfull \hbox (1.35669pt too wide) in paragraph at lines 25--26
\T1/aer/m/n/10 icy [4]. Dy-namic Volt-age and Fre-quency Scal-ing (DVFS)
 []

[2 <C:/Users/bscuser/Documents/Research/parsec-ompss/publications/big_little/fi
gures/block_diagram.pdf>]
Overfull \hbox (14.31604pt too wide) in paragraph at lines 27--38
\T1/aer/m/n/10 of the Cortex-A15 are both 32 KB and 2-way set-associative
 []


Overfull \hbox (11.6564pt too wide) in paragraph at lines 27--38
\T1/aer/m/n/10 reg-is-ter re-nam-ing to re-move the Write-After-Write (WAW)
 []

)
(C:\Users\bscuser\Documents\Research\parsec-ompss\publications\big_little\03-sc
heduling.tex
LaTeX Font Info:    Try loading font information for T1+aett on input line 16.
 ("C:\Program Files (x86)\MiKTeX 2.9\tex\latex\ae\t1aett.fd"
File: t1aett.fd 1997/11/16 Font definitions for T1/aett.
)
Overfull \hbox (3.51868pt too wide) in paragraph at lines 78--87
\T1/aer/m/n/10 able cores. Then, ev-ery core ex-e-cutes the as-signed chunk,
 []

[3])
(C:\Users\bscuser\Documents\Research\parsec-ompss\publications\big_little\04-ex
perimental.tex
Underfull \hbox (badness 1226) in paragraph at lines 46--46
[]\T1/aer/m/n/7 3,500 queries, 59,695 im-ages
 []


Overfull \hbox (1.15755pt too wide) in paragraph at lines 52--52
[]\T1/aer/m/n/7 streamcluster| 
 []


Overfull \hbox (13.54076pt too wide) in paragraph at lines 37--60
 [][] 
 []


Overfull \hbox (11.88947pt too wide) detected at line 129
[] \OT1/cmr/m/n/8 = []
 []


Overfull \hbox (8.61635pt too wide) in paragraph at lines 159--162
\T1/aer/m/n/10 task-i-fied ap-pli-ca-tions fol-low the same par-al-leliza-tion 
strat-
 []


Overfull \hbox (3.04651pt too wide) in paragraph at lines 168--177
\T1/aer/m/n/10 bench-mark ex-hibits dif-fer-ent per-for-mance ra-tios be-tween
 []

[4] <figures/ideal_speedup.pdf, id=34, 606.76688pt x 256.70906pt>
File: figures/ideal_speedup.pdf Graphic file (type pdf)

<use figures/ideal_speedup.pdf>
Package pdftex.def Info: figures/ideal_speedup.pdf used on input line 193.
(pdftex.def)             Requested size: 240.0pt x 101.53801pt.
)
Overfull \hbox (10.77592pt too wide) in paragraph at lines 200--136
\T1/aer/m/n/10 higher per-for-mance ra-tios ex-hibit po-ten-tially higher speed
-
 []


(C:\Users\bscuser\Documents\Research\parsec-ompss\publications\big_little\05-ev
aluation.tex <figures/speedup-4.pdf, id=35, 1337.74782pt x 299.61937pt>
File: figures/speedup-4.pdf Graphic file (type pdf)

<use figures/speedup-4.pdf>
Package pdftex.def Info: figures/speedup-4.pdf used on input line 3.
(pdftex.def)             Requested size: 504.0pt x 112.88274pt.

<figures/power4.pdf, id=36, 1337.74782pt x 299.61937pt>
File: figures/power4.pdf Graphic file (type pdf)

<use figures/power4.pdf>
Package pdftex.def Info: figures/power4.pdf used on input line 17.
(pdftex.def)             Requested size: 504.0pt x 112.88274pt.

<figures/energy_EDP-4.pdf, id=37, 1337.74782pt x 299.61937pt>
File: figures/energy_EDP-4.pdf Graphic file (type pdf)

<use figures/energy_EDP-4.pdf>
Package pdftex.def Info: figures/energy_EDP-4.pdf used on input line 27.
(pdftex.def)             Requested size: 504.0pt x 112.88274pt.

Overfull \hbox (7.55559pt too wide) in paragraph at lines 82--85
\T1/aer/m/n/10 nine ap-pli-ca-tions from the PAR-SEC bench-mark suite [10].
 []


Overfull \hbox (1.30244pt too wide) in paragraph at lines 90--91
[]\T1/aer/m/it/10 Task-based\T1/aer/m/n/10 : dy-namic fine-grained schedul-ing 
at the
 []

[5 <C:/Users/bscuser/Documents/Research/parsec-ompss/publications/big_little/fi
gures/ideal_speedup.pdf>]
<figures/averages_4plus.pdf, id=57, 1337.74782pt x 299.61937pt>
File: figures/averages_4plus.pdf Graphic file (type pdf)

<use figures/averages_4plus.pdf>
Package pdftex.def Info: figures/averages_4plus.pdf used on input line 126.
(pdftex.def)             Requested size: 504.0pt x 112.88274pt.

Underfull \vbox (badness 1005) has occurred while \output is active []

 [6 <C:/Users/bscuser/Documents/Research/parsec-ompss/publications/big_little/f
igures/speedup-4.pdf> <C:/Users/bscuser/Documents/Research/parsec-ompss/publica
tions/big_little/figures/power4.pdf

pdfTeX warning: pdflatex (file C:/Users/bscuser/Documents/Research/parsec-ompss
/publications/big_little/figures/power4.pdf): PDF inclusion: multiple pdfs with
 page group included in a single page
>]
Overfull \hbox (7.71655pt too wide) in paragraph at lines 145--146
\T1/aer/m/n/10 with queues for the data-exchange be-tween pipeline stages
 []

<figures/speedup-4plus.pdf, id=87, 1337.74782pt x 299.61937pt>
File: figures/speedup-4plus.pdf Graphic file (type pdf)

<use figures/speedup-4plus.pdf>
Package pdftex.def Info: figures/speedup-4plus.pdf used on input line 183.
(pdftex.def)             Requested size: 504.0pt x 112.88274pt.

<figures/power4plus.pdf, id=88, 1337.74782pt x 299.61937pt>
File: figures/power4plus.pdf Graphic file (type pdf)

<use figures/power4plus.pdf>
Package pdftex.def Info: figures/power4plus.pdf used on input line 193.
(pdftex.def)             Requested size: 504.0pt x 112.88274pt.

Underfull \vbox (badness 10000) has occurred while \output is active []

 [7 <C:/Users/bscuser/Documents/Research/parsec-ompss/publications/big_little/f
igures/energy_EDP-4.pdf> <C:/Users/bscuser/Documents/Research/parsec-ompss/publ
ications/big_little/figures/averages_4plus.pdf

pdfTeX warning: pdflatex (file C:/Users/bscuser/Documents/Research/parsec-ompss
/publications/big_little/figures/averages_4plus.pdf): PDF inclusion: multiple p
dfs with page group included in a single page
>]
Underfull \vbox (badness 1448) has occurred while \output is active []

 [8 <C:/Users/bscuser/Documents/Research/parsec-ompss/publications/big_little/f
igures/speedup-4plus.pdf> <C:/Users/bscuser/Documents/Research/parsec-ompss/pub
lications/big_little/figures/power4plus.pdf

pdfTeX warning: pdflatex (file C:/Users/bscuser/Documents/Research/parsec-ompss
/publications/big_little/figures/power4plus.pdf): PDF inclusion: multiple pdfs 
with page group included in a single page
>] <figures/speedup-ompssVSopenmp.pdf, id=150, 654.94687pt x 277.035pt>
File: figures/speedup-ompssVSopenmp.pdf Graphic file (type pdf)

<use figures/speedup-ompssVSopenmp.pdf>
Package pdftex.def Info: figures/speedup-ompssVSopenmp.pdf used on input line 3
37.
(pdftex.def)             Requested size: 240.0pt x 101.5164pt.


LaTeX Font Warning: Font shape `T1/aett/bx/n' undefined
(Font)              using `T1/aett/m/n' instead on input line 342.

<figures/stream_samples_A15.pdf, id=151, 654.94687pt x 277.035pt>
File: figures/stream_samples_A15.pdf Graphic file (type pdf)

<use figures/stream_samples_A15.pdf>
Package pdftex.def Info: figures/stream_samples_A15.pdf used on input line 348.

(pdftex.def)             Requested size: 240.0pt x 101.5164pt.

<figures/stream_samples_total.pdf, id=152, 654.94687pt x 277.035pt>
File: figures/stream_samples_total.pdf Graphic file (type pdf)

<use figures/stream_samples_total.pdf>
Package pdftex.def Info: figures/stream_samples_total.pdf used on input line 34
9.
(pdftex.def)             Requested size: 240.0pt x 101.5164pt.

Overfull \hbox (5.32657pt too wide) in paragraph at lines 363--373
\T1/aer/m/n/10 ple-mented us-ing loop-based schedul-ing with the OpenMP
 []


Overfull \hbox (19.68861pt too wide) in paragraph at lines 374--382
\T1/aer/m/n/10 schedul-ing, dy-namic loop schedul-ing and task-based schedul-
 []


Overfull \hbox (3.85423pt too wide) in paragraph at lines 374--382
\T1/aer/m/n/10 gram-ming mod-els un-der eval-u-a-tion: \T1/aett/bx/n/10 pthread
s\T1/aer/m/n/10 , OpenMP
 []


Overfull \hbox (10.45805pt too wide) in paragraph at lines 390--393
\T1/aer/m/n/10 leliza-tion tech-niques, the static thread-ing so-lu-tion achiev
es
 []

[9 <C:/Users/bscuser/Documents/Research/parsec-ompss/publications/big_little/fi
gures/speedup-ompssVSopenmp.pdf>])
(C:\Users\bscuser\Documents\Research\parsec-ompss\publications\big_little\06-re
lated.tex [10 <C:/Users/bscuser/Documents/Research/parsec-ompss/publications/bi
g_little/figures/stream_samples_A15.pdf> <C:/Users/bscuser/Documents/Research/p
arsec-ompss/publications/big_little/figures/stream_samples_total.pdf

pdfTeX warning: pdflatex (file C:/Users/bscuser/Documents/Research/parsec-ompss
/publications/big_little/figures/stream_samples_total.pdf): PDF inclusion: mult
iple pdfs with page group included in a single page
>]
Overfull \hbox (12.79631pt too wide) in paragraph at lines 54--69
\T1/aer/m/n/10 uti-liz-ing asym-met-ric sys-tems. The Lev-elized Min Time [23]
 []


Underfull \vbox (badness 4279) has occurred while \output is active []

)
(C:\Users\bscuser\Documents\Research\parsec-ompss\publications\big_little\07-co
nclusions.tex)
(C:\Users\bscuser\Documents\Research\parsec-ompss\publications\big_little\paper
.bbl [11]
Underfull \vbox (badness 10000) has occurred while \output is active []

 [12])
[13

]
(C:\Users\bscuser\Documents\Research\parsec-ompss\publications\big_little\paper
.aux)

LaTeX Font Warning: Some font shapes were not available, defaults substituted.

 ) 
Here is how much of TeX's memory you used:
 5861 strings out of 493921
 78164 string characters out of 3144870
 157406 words of memory out of 3000000
 8941 multiletter control sequences out of 15000+200000
 68311 words of font info for 109 fonts, out of 3000000 for 9000
 844 hyphenation exceptions out of 8191
 42i,11n,43p,1263b,373s stack positions out of 5000i,500n,10000p,200000b,50000s
{C:/Program Files (x86)/MiKTeX 2.9/fonts/enc/dvips/fontname/8r.enc}<C:/Progra
m Files (x86)/MiKTeX 2.9/fonts/type1/public/amsfonts/cm/cmbx10.pfb><C:/Program 
Files (x86)/MiKTeX 2.9/fonts/type1/public/amsfonts/cm/cmbx7.pfb><C:/Program Fil
es (x86)/MiKTeX 2.9/fonts/type1/public/amsfonts/cm/cmbxti10.pfb><C:/Program Fil
es (x86)/MiKTeX 2.9/fonts/type1/public/amsfonts/cm/cmr10.pfb><C:/Program Files 
(x86)/MiKTeX 2.9/fonts/type1/public/amsfonts/cm/cmr6.pfb><C:/Program Files (x86
)/MiKTeX 2.9/fonts/type1/public/amsfonts/cm/cmr7.pfb><C:/Program Files (x86)/Mi
KTeX 2.9/fonts/type1/public/amsfonts/cm/cmr8.pfb><C:/Program Files (x86)/MiKTeX
 2.9/fonts/type1/public/amsfonts/cm/cmr9.pfb><C:/Program Files (x86)/MiKTeX 2.9
/fonts/type1/public/amsfonts/cm/cmsy10.pfb><C:/Program Files (x86)/MiKTeX 2.9/f
onts/type1/public/amsfonts/cm/cmsy8.pfb><C:/Program Files (x86)/MiKTeX 2.9/font
s/type1/public/amsfonts/cm/cmti10.pfb><C:/Program Files (x86)/MiKTeX 2.9/fonts/
type1/public/amsfonts/cm/cmti8.pfb><C:/Program Files (x86)/MiKTeX 2.9/fonts/typ
e1/public/amsfonts/cm/cmtt10.pfb><C:/Program Files (x86)/MiKTeX 2.9/fonts/type1
/public/amsfonts/cm/cmtt8.pfb><C:/Program Files (x86)/MiKTeX 2.9/fonts/type1/pu
blic/amsfonts/cm/cmtt9.pfb><C:/Program Files (x86)/MiKTeX 2.9/fonts/type1/urw/h
elvetic/uhvb8a.pfb><C:/Program Files (x86)/MiKTeX 2.9/fonts/type1/urw/times/utm
b8a.pfb>
Output written on paper.pdf (13 pages, 2278749 bytes).
PDF statistics:
 263 PDF objects out of 1000 (max. 8388607)
 0 named destinations out of 1000 (max. 500000)
 56 words of extra memory for PDF output out of 10000 (max. 10000000)

